[debug] [2019-02-09T18:58:43.154Z] ----------------------------------------------------------------------
[debug] [2019-02-09T18:58:43.156Z] Command:       /usr/local/bin/node /usr/local/bin/firebase deploy
[debug] [2019-02-09T18:58:43.157Z] CLI Version:   4.2.1
[debug] [2019-02-09T18:58:43.157Z] Platform:      darwin
[debug] [2019-02-09T18:58:43.157Z] Node Version:  v10.13.0
[debug] [2019-02-09T18:58:43.158Z] Time:          Sun Feb 10 2019 00:28:43 GMT+0530 (India Standard Time)
[debug] [2019-02-09T18:58:43.158Z] ----------------------------------------------------------------------
[debug] 
[debug] [2019-02-09T18:58:43.172Z] > command requires scopes: ["email","openid","https://www.googleapis.com/auth/cloudplatformprojects.readonly","https://www.googleapis.com/auth/firebase","https://www.googleapis.com/auth/cloud-platform"]
[debug] [2019-02-09T18:58:43.173Z] > authorizing via signed-in user
[debug] [2019-02-09T18:58:43.175Z] > refreshing access token with scopes: ["email","https://www.googleapis.com/auth/cloud-platform","https://www.googleapis.com/auth/cloudplatformprojects.readonly","https://www.googleapis.com/auth/firebase","openid"]
[debug] [2019-02-09T18:58:43.175Z] >>> HTTP REQUEST POST https://www.googleapis.com/oauth2/v3/token  

[debug] [2019-02-09T18:58:43.382Z] <<< HTTP RESPONSE 200
[debug] [2019-02-09T18:58:43.388Z] >>> HTTP REQUEST GET https://admin.firebase.com/v1/projects/reactcalculator-a432e  
 
[debug] [2019-02-09T18:58:44.733Z] <<< HTTP RESPONSE 200
[info] 
[info] === Deploying to 'reactcalculator-a432e'...
[info] 
[info] i  deploying database, hosting
[info] i  database: checking rules syntax...
[debug] [2019-02-09T18:58:44.739Z] >>> HTTP REQUEST PUT https://reactcalculator-a432e.firebaseio.com/.settings/rules.json?dryRun=true  
 {
  "rules": {
    ".read": "auth != null",
    ".write": "auth != null"
  }
}
[debug] [2019-02-09T18:58:46.166Z] <<< HTTP RESPONSE 200
[info] ✔  database: rules syntax for database reactcalculator-a432e is valid
[debug] [2019-02-09T18:58:46.168Z] >>> HTTP REQUEST POST https://firebasehosting.googleapis.com/v1beta1/sites/reactcalculator-a432e/versions  

[debug] [2019-02-09T18:58:57.893Z] <<< HTTP RESPONSE 503
[debug] [2019-02-09T18:58:57.893Z] <<< HTTP RESPONSE BODY
[error] 
[error] Error: HTTP Error: 503, The service is currently unavailable.
[debug] [2019-02-09T18:58:58.117Z] Error Context: {
  "body": {
    "error": {
      "code": 503,
      "message": "The service is currently unavailable.",
      "status": "UNAVAILABLE"
    }
  },
  "response": {
    "statusCode": 503,
    "body": {
      "error": {
        "code": 503,
        "message": "The service is currently unavailable.",
        "status": "UNAVAILABLE"
      }
    },
    "headers": {
      "vary": "X-Origin, Referer, Origin,Accept-Encoding",
      "content-type": "application/json; charset=UTF-8",
      "date": "Sat, 09 Feb 2019 18:58:57 GMT",
      "server": "ESF",
      "cache-control": "private",
      "x-xss-protection": "1; mode=block",
      "x-frame-options": "SAMEORIGIN",
      "x-content-type-options": "nosniff",
      "alt-svc": "quic=\":443\"; ma=2592000; v=\"44,43,39\"",
      "accept-ranges": "none",
      "connection": "close"
    },
    "request": {
      "uri": {
        "protocol": "https:",
        "slashes": true,
        "auth": null,
        "host": "firebasehosting.googleapis.com",
        "port": 443,
        "hostname": "firebasehosting.googleapis.com",
        "hash": null,
        "search": null,
        "query": null,
        "pathname": "/v1beta1/sites/reactcalculator-a432e/versions",
        "path": "/v1beta1/sites/reactcalculator-a432e/versions",
        "href": "https://firebasehosting.googleapis.com/v1beta1/sites/reactcalculator-a432e/versions"
      },
      "method": "POST"
    }
  }
}
